<?xml version="1.0" encoding="UTF-8"?>
<!-- Generated by org.testng.reporters.JUnitReportReporter -->
<testsuite skipped="0" hostname="DESKTOP-U2D6G6J" name="testNg" tests="3" failures="0" timestamp="2021-06-03T19:43:05 IST" time="0.008" errors="0">
  <testcase name="start" time="0.006" classname="testNg"/>
  <testcase name="run" time="0.001" classname="testNg"/>
  <testcase name="stop" time="0.001" classname="testNg"/>
</testsuite> <!-- testNg -->
